Arguments: 
  C:\Program Files\nodejs\node.exe C:\Users\chiru\AppData\Roaming\npm\node_modules\yarn\bin\yarn.js install

PATH: 
  C:\Python39\Scripts\;C:\Python39\;C:\Windows\system32;C:\Windows;C:\Windows\System32\Wbem;C:\Windows\System32\WindowsPowerShell\v1.0\;C:\Windows\System32\OpenSSH\;C:\Program Files\NVIDIA Corporation\NVIDIA NvDLISR;C:\Program Files (x86)\NVIDIA Corporation\PhysX\Common;C:\Program Files\Git\cmd;C:\Program Files\Git\mingw64\bin;C:\Program Files\Git\usr\bin;C:\Program Files\nodejs\;C:\ProgramData\chocolatey\bin;C:\Users\chiru\AppData\Roaming\npm\node_modules\yarn\bin;C:\Program Files\dotnet\;C:\Users\chiru\AppData\Local\Yarn\bin;C:\Users\chiru\AppData\Local\Microsoft\WindowsApps;;C:\Users\chiru\AppData\Local\Programs\Microsoft VS Code\bin;C:\Users\chiru\AppData\Roaming\npm;C:\Users\chiru\.dotnet\tools

Yarn version: 
  1.22.11

Node version: 
  14.16.1

Platform: 
  win32 x64

Trace: 
  Error: https://registry.yarnpkg.com/hello-wold: Not found
      at Request.params.callback [as _callback] (C:\Users\chiru\AppData\Roaming\npm\node_modules\yarn\lib\cli.js:66992:18)
      at Request.self.callback (C:\Users\chiru\AppData\Roaming\npm\node_modules\yarn\lib\cli.js:140763:22)
      at Request.emit (events.js:315:20)
      at Request.<anonymous> (C:\Users\chiru\AppData\Roaming\npm\node_modules\yarn\lib\cli.js:141735:10)
      at Request.emit (events.js:315:20)
      at IncomingMessage.<anonymous> (C:\Users\chiru\AppData\Roaming\npm\node_modules\yarn\lib\cli.js:141657:12)
      at Object.onceWrapper (events.js:421:28)
      at IncomingMessage.emit (events.js:327:22)
      at endReadableNT (internal/streams/readable.js:1327:12)
      at processTicksAndRejections (internal/process/task_queues.js:80:21)

npm manifest: 
  {
    "name": "aloha-world",
    "version": "0.0.0",
    "description": "> TODO: description",
    "author": "nkihrk <40584391+nkihrk@users.noreply.github.com>",
    "homepage": "",
    "license": "ISC",
    "main": "lib/aloha-world.js",
    "directories": {
      "lib": "lib",
      "test": "__tests__"
    },
    "files": [
      "lib"
    ],
    "scripts": {
      "test": "echo \"Error: run tests from root\" && exit 1"
    },
    "dependencies": {
      "hello-wold": "0.0.0"
    }
  }

yarn manifest: 
  No manifest

Lockfile: 
  No lockfile
